<?xml version="1.0" encoding="UTF-8"?>
<testsuite xmlns:xsi="http://www.w3.org/2001/XMLSchema-instance" xsi:noNamespaceSchemaLocation="https://maven.apache.org/surefire/maven-surefire-plugin/xsd/surefire-test-report-3.0.xsd" version="3.0" name="com.example.alphanoveassessment1.book.BookRepositoryTest" time="3.097" tests="2" errors="0" skipped="0" failures="0">
  <properties>
[...]
</properties>
  <testcase name="itShouldFindBookWhichDoesNotExistByIsbn" classname="com.example.alphanoveassessment1.book.BookRepositoryTest" time="0.252">
    <system-out><![CDATA[2024-02-25T01:18:55.376Z  INFO 52277 --- [           main] t.c.s.AnnotationConfigContextLoaderUtils : Could not detect default configuration classes for test class [com.example.alphanoveassessment1.book.BookRepositoryTest]: BookRepositoryTest does not declare any static, non-private, non-final, nested classes annotated with @Configuration.
2024-02-25T01:18:55.397Z  INFO 52277 --- [           main] .b.t.c.SpringBootTestContextBootstrapper : Found @SpringBootConfiguration com.example.alphanoveassessment1.AlphanoveAssessment1Application for test class com.example.alphanoveassessment1.book.BookRepositoryTest

  .   ____          _            __ _ _
 /\\ / ___'_ __ _ _(_)_ __  __ _ \ \ \ \
( ( )\___ | '_ | '_| | '_ \/ _` | \ \ \ \
 \\/  ___)| |_)| | | | | || (_| |  ) ) ) )
  '  |____| .__|_| |_|_| |_\__, | / / / /
 =========|_|==============|___/=/_/_/_/
 :: Spring Boot ::                (v3.2.2)

2024-02-25T01:18:55.484Z  INFO 52277 --- [           main] c.e.a.book.BookRepositoryTest            : Starting BookRepositoryTest using Java 17.0.1 with PID 52277 (started by nishothanvettivel in /Users/nishothanvettivel/Documents/AlphanoveProject/Alphanove_Assessment_1)
2024-02-25T01:18:55.485Z  INFO 52277 --- [           main] c.e.a.book.BookRepositoryTest            : No active profile set, falling back to 1 default profile: "default"
2024-02-25T01:18:55.782Z  INFO 52277 --- [           main] .s.d.r.c.RepositoryConfigurationDelegate : Bootstrapping Spring Data JPA repositories in DEFAULT mode.
2024-02-25T01:18:55.828Z  INFO 52277 --- [           main] .s.d.r.c.RepositoryConfigurationDelegate : Finished Spring Data repository scanning in 37 ms. Found 1 JPA repository interface.
2024-02-25T01:18:55.878Z  INFO 52277 --- [           main] beddedDataSourceBeanFactoryPostProcessor : Replacing 'dataSource' DataSource bean with embedded version
2024-02-25T01:18:55.961Z  INFO 52277 --- [           main] o.s.j.d.e.EmbeddedDatabaseFactory        : Starting embedded database: url='jdbc:h2:mem:4c06dbaf-cdf6-4991-8833-9ec3b35af100;DB_CLOSE_DELAY=-1;DB_CLOSE_ON_EXIT=false', username='sa'
2024-02-25T01:18:56.290Z  INFO 52277 --- [           main] o.hibernate.jpa.internal.util.LogHelper  : HHH000204: Processing PersistenceUnitInfo [name: default]
2024-02-25T01:18:56.368Z  INFO 52277 --- [           main] org.hibernate.Version                    : HHH000412: Hibernate ORM core version 6.4.1.Final
2024-02-25T01:18:56.410Z  INFO 52277 --- [           main] o.h.c.internal.RegionFactoryInitiator    : HHH000026: Second-level cache disabled
2024-02-25T01:18:56.552Z  INFO 52277 --- [           main] o.s.o.j.p.SpringPersistenceUnitInfo      : No LoadTimeWeaver setup: ignoring JPA class transformer
2024-02-25T01:18:56.621Z  WARN 52277 --- [           main] org.hibernate.orm.deprecation            : HHH90000025: H2Dialect does not need to be specified explicitly using 'hibernate.dialect' (remove the property setting and it will be selected by default)
2024-02-25T01:18:57.588Z  INFO 52277 --- [           main] o.h.e.t.j.p.i.JtaPlatformInitiator       : HHH000489: No JTA platform available (set 'hibernate.transaction.jta.platform' to enable JTA platform integration)
Hibernate: 
    drop table if exists book cascade 
Hibernate: 
    drop sequence if exists book_sequence
Hibernate: 
    create sequence book_sequence start with 1 increment by 1
Hibernate: 
    create table book (
        price_gbp float(53),
        publication_year integer,
        book_id bigint not null,
        author varchar(255),
        isbn varchar(255),
        name varchar(255),
        primary key (book_id),
        constraint UK_isbn unique (isbn)
    )
2024-02-25T01:18:57.672Z  INFO 52277 --- [           main] j.LocalContainerEntityManagerFactoryBean : Initialized JPA EntityManagerFactory for persistence unit 'default'
2024-02-25T01:18:58.122Z  INFO 52277 --- [           main] c.e.a.book.BookRepositoryTest            : Started BookRepositoryTest in 2.72 seconds (process running for 7.665)
Hibernate: 
    select
        b1_0.book_id,
        b1_0.author,
        b1_0.isbn,
        b1_0.name,
        b1_0.price_gbp,
        b1_0.publication_year 
    from
        book b1_0 
    where
        b1_0.isbn=?
Hibernate: 
    select
        b1_0.book_id,
        b1_0.author,
        b1_0.isbn,
        b1_0.name,
        b1_0.price_gbp,
        b1_0.publication_year 
    from
        book b1_0
]]></system-out>
  </testcase>
  <testcase name="itShouldFindBookWhichExistsByIsbn" classname="com.example.alphanoveassessment1.book.BookRepositoryTest" time="0.087">
    <system-out><![CDATA[Hibernate: 
    select
        next value for book_sequence
Hibernate: 
    insert 
    into
        book
        (author, isbn, name, price_gbp, publication_year, book_id) 
    values
        (?, ?, ?, ?, ?, ?)
Hibernate: 
    select
        b1_0.book_id,
        b1_0.author,
        b1_0.isbn,
        b1_0.name,
        b1_0.price_gbp,
        b1_0.publication_year 
    from
        book b1_0 
    where
        b1_0.isbn=?
Hibernate: 
    select
        b1_0.book_id,
        b1_0.author,
        b1_0.isbn,
        b1_0.name,
        b1_0.price_gbp,
        b1_0.publication_year 
    from
        book b1_0
]]></system-out>
  </testcase>
</testsuite>